\BOOKMARK [0][-]{chapter.1}{\376\377\0001\000\040\000H\000i\000e\000r\000a\000r\000c\000h\000i\000c\000a\000l\000\040\000I\000n\000d\000e\000x}{}% 1
\BOOKMARK [1][-]{section.1.1}{\376\377\0001\000.\0001\000\040\000C\000l\000a\000s\000s\000\040\000H\000i\000e\000r\000a\000r\000c\000h\000y}{chapter.1}% 2
\BOOKMARK [0][-]{chapter.2}{\376\377\0002\000\040\000C\000l\000a\000s\000s\000\040\000I\000n\000d\000e\000x}{}% 3
\BOOKMARK [1][-]{section.2.1}{\376\377\0002\000.\0001\000\040\000C\000l\000a\000s\000s\000\040\000L\000i\000s\000t}{chapter.2}% 4
\BOOKMARK [0][-]{chapter.3}{\376\377\0003\000\040\000C\000l\000a\000s\000s\000\040\000D\000o\000c\000u\000m\000e\000n\000t\000a\000t\000i\000o\000n}{}% 5
\BOOKMARK [1][-]{section.3.1}{\376\377\0003\000.\0001\000\040\000g\000r\000:\000:\000r\000o\000u\000t\000e\000r\000:\000:\000c\000h\000i\000l\000d\000\137\000i\000m\000p\000l\000\040\000C\000l\000a\000s\000s\000\040\000R\000e\000f\000e\000r\000e\000n\000c\000e}{chapter.3}% 6
\BOOKMARK [1][-]{section.3.2}{\376\377\0003\000.\0002\000\040\000E\000t\000h\000e\000r\000n\000e\000t\000C\000o\000n\000n\000e\000c\000t\000o\000r\000\040\000C\000l\000a\000s\000s\000\040\000R\000e\000f\000e\000r\000e\000n\000c\000e}{chapter.3}% 7
\BOOKMARK [1][-]{section.3.3}{\376\377\0003\000.\0003\000\040\000N\000e\000t\000w\000o\000r\000k\000I\000n\000t\000e\000r\000f\000a\000c\000e\000\040\000C\000l\000a\000s\000s\000\040\000R\000e\000f\000e\000r\000e\000n\000c\000e}{chapter.3}% 8
\BOOKMARK [1][-]{section.3.4}{\376\377\0003\000.\0004\000\040\000N\000o\000d\000e\000\040\000C\000l\000a\000s\000s\000\040\000R\000e\000f\000e\000r\000e\000n\000c\000e}{chapter.3}% 9
\BOOKMARK [1][-]{section.3.5}{\376\377\0003\000.\0005\000\040\000q\000a\000\137\000r\000o\000u\000t\000e\000r\000\040\000C\000l\000a\000s\000s\000\040\000R\000e\000f\000e\000r\000e\000n\000c\000e}{chapter.3}% 10
\BOOKMARK [2][-]{subsection.3.5.1}{\376\377\0003\000.\0005\000.\0001\000\040\000D\000e\000t\000a\000i\000l\000e\000d\000\040\000D\000e\000s\000c\000r\000i\000p\000t\000i\000o\000n}{section.3.5}% 11
\BOOKMARK [1][-]{section.3.6}{\376\377\0003\000.\0006\000\040\000g\000r\000:\000:\000r\000o\000u\000t\000e\000r\000:\000:\000q\000u\000e\000u\000e\000\137\000s\000i\000n\000k\000\137\000b\000y\000t\000e\000\137\000i\000m\000p\000l\000\040\000C\000l\000a\000s\000s\000\040\000R\000e\000f\000e\000r\000e\000n\000c\000e}{chapter.3}% 12
\BOOKMARK [1][-]{section.3.7}{\376\377\0003\000.\0007\000\040\000g\000r\000:\000:\000r\000o\000u\000t\000e\000r\000:\000:\000q\000u\000e\000u\000e\000\137\000s\000i\000n\000k\000\137\000i\000m\000p\000l\000\040\000C\000l\000a\000s\000s\000\040\000R\000e\000f\000e\000r\000e\000n\000c\000e}{chapter.3}% 13
\BOOKMARK [1][-]{section.3.8}{\376\377\0003\000.\0008\000\040\000g\000r\000:\000:\000r\000o\000u\000t\000e\000r\000:\000:\000q\000u\000e\000u\000e\000\137\000s\000o\000u\000r\000c\000e\000\137\000b\000y\000t\000e\000\137\000i\000m\000p\000l\000\040\000C\000l\000a\000s\000s\000\040\000R\000e\000f\000e\000r\000e\000n\000c\000e}{chapter.3}% 14
\BOOKMARK [1][-]{section.3.9}{\376\377\0003\000.\0009\000\040\000g\000r\000:\000:\000r\000o\000u\000t\000e\000r\000:\000:\000q\000u\000e\000u\000e\000\137\000s\000o\000u\000r\000c\000e\000\137\000i\000m\000p\000l\000\040\000C\000l\000a\000s\000s\000\040\000R\000e\000f\000e\000r\000e\000n\000c\000e}{chapter.3}% 15
\BOOKMARK [1][-]{section.3.10}{\376\377\0003\000.\0001\0000\000\040\000g\000r\000:\000:\000r\000o\000u\000t\000e\000r\000:\000:\000r\000o\000o\000t\000\137\000i\000m\000p\000l\000\040\000C\000l\000a\000s\000s\000\040\000R\000e\000f\000e\000r\000e\000n\000c\000e}{chapter.3}% 16
\BOOKMARK [1][-]{section.3.11}{\376\377\0003\000.\0001\0001\000\040\000g\000r\000:\000:\000r\000o\000u\000t\000e\000r\000:\000:\000t\000h\000r\000o\000u\000g\000h\000p\000u\000t\000\137\000i\000m\000p\000l\000\040\000C\000l\000a\000s\000s\000\040\000R\000e\000f\000e\000r\000e\000n\000c\000e}{chapter.3}% 17
\BOOKMARK [2][-]{subsection.3.11.1}{\376\377\0003\000.\0001\0001\000.\0001\000\040\000C\000o\000n\000s\000t\000r\000u\000c\000t\000o\000r\000\040\000\046\000\040\000D\000e\000s\000t\000r\000u\000c\000t\000o\000r\000\040\000D\000o\000c\000u\000m\000e\000n\000t\000a\000t\000i\000o\000n}{section.3.11}% 18
\BOOKMARK [3][-]{subsubsection.3.11.1.1}{\376\377\0003\000.\0001\0001\000.\0001\000.\0001\000\040\000t\000h\000r\000o\000u\000g\000h\000p\000u\000t\000\137\000i\000m\000p\000l}{subsection.3.11.1}% 19
\BOOKMARK [2][-]{subsection.3.11.2}{\376\377\0003\000.\0001\0001\000.\0002\000\040\000M\000e\000m\000b\000e\000r\000\040\000F\000u\000n\000c\000t\000i\000o\000n\000\040\000D\000o\000c\000u\000m\000e\000n\000t\000a\000t\000i\000o\000n}{section.3.11}% 20
\BOOKMARK [3][-]{subsubsection.3.11.2.1}{\376\377\0003\000.\0001\0001\000.\0002\000.\0001\000\040\000w\000o\000r\000k}{subsection.3.11.2}% 21
\BOOKMARK [1][-]{section.3.12}{\376\377\0003\000.\0001\0002\000\040\000g\000r\000:\000:\000r\000o\000u\000t\000e\000r\000:\000:\000t\000h\000r\000o\000u\000g\000h\000p\000u\000t\000\137\000s\000i\000n\000k\000\137\000i\000m\000p\000l\000\040\000C\000l\000a\000s\000s\000\040\000R\000e\000f\000e\000r\000e\000n\000c\000e}{chapter.3}% 22
\BOOKMARK [0][-]{section*.14}{\376\377\000I\000n\000d\000e\000x}{}% 23
